2019/01/01 12:46:28 Server Started
2019/01/01 12:47:31 미세먼지 0091c443e9833d426acc3e5e17b951dc22e6981d3f958f953c6c5ef3b879032743 미세먼지
2019/01/01 12:47:38 급식 0091c443e9833d426acc3e5e17b951dc22e6981d3f958f953c6c5ef3b879032743 급식
2019/01/01 12:47:42 급식 0091c443e9833d426acc3e5e17b951dc22e6981d3f958f953c6c5ef3b879032743 수요일
2019/01/01 12:48:37 급식 0091c443e9833d426acc3e5e17b951dc22e6981d3f958f953c6c5ef3b879032743 목요일
2019/01/01 14:04:32 Server Started
2019/01/01 14:04:40 미세먼지 0091c443e9833d426acc3e5e17b951dc22e6981d3f958f953c6c5ef3b879032743 미세먼지
2019/01/01 14:05:26 Server Started
2019/01/01 14:05:29 미세먼지 0091c443e9833d426acc3e5e17b951dc22e6981d3f958f953c6c5ef3b879032743 미세먼지
2019/01/01 14:05:50 급식 0091c443e9833d426acc3e5e17b951dc22e6981d3f958f953c6c5ef3b879032743 급식
2019/01/01 14:05:50 <nil>
2019/01/01 14:05:57 급식 0091c443e9833d426acc3e5e17b951dc22e6981d3f958f953c6c5ef3b879032743 급식
2019/01/01 14:05:57 <nil>
2019/01/01 14:05:59 급식 0091c443e9833d426acc3e5e17b951dc22e6981d3f958f953c6c5ef3b879032743 급식
2019/01/01 14:05:59 <nil>
2019/01/01 14:06:02 급식 0091c443e9833d426acc3e5e17b951dc22e6981d3f958f953c6c5ef3b879032743 급식
2019/01/01 14:06:02 <nil>
2019/01/01 14:06:42 Server Started
2019/01/01 14:06:45 급식 0091c443e9833d426acc3e5e17b951dc22e6981d3f958f953c6c5ef3b879032743 급식
2019/01/01 14:06:48 급식 0091c443e9833d426acc3e5e17b951dc22e6981d3f958f953c6c5ef3b879032743 수요일
2019/01/01 14:06:50 급식 0091c443e9833d426acc3e5e17b951dc22e6981d3f958f953c6c5ef3b879032743 금요일
2019/01/01 14:06:52 미세먼지 0091c443e9833d426acc3e5e17b951dc22e6981d3f958f953c6c5ef3b879032743 미세먼지
2019/01/01 16:30:58 Server Started
2019/01/01 16:31:21 미세먼지 0091c443e9833d426acc3e5e17b951dc22e6981d3f958f953c6c5ef3b879032743 미세먼지
2019/01/01 17:12:33 Server Started
2019/01/01 17:12:43 급식 0091c443e9833d426acc3e5e17b951dc22e6981d3f958f953c6c5ef3b879032743 급식
2019/01/01 17:12:45 미세먼지 0091c443e9833d426acc3e5e17b951dc22e6981d3f958f953c6c5ef3b879032743 미세먼지
2019/01/01 17:13:19 급식 0091c443e9833d426acc3e5e17b951dc22e6981d3f958f953c6c5ef3b879032743 급식
2019/01/01 17:13:23 급식 0091c443e9833d426acc3e5e17b951dc22e6981d3f958f953c6c5ef3b879032743 목요일
2019/01/01 17:13:32 미세먼지 0091c443e9833d426acc3e5e17b951dc22e6981d3f958f953c6c5ef3b879032743 미세먼지
2019/01/01 17:17:05 Server Started
2019/01/01 17:17:10 미세먼지 0091c443e9833d426acc3e5e17b951dc22e6981d3f958f953c6c5ef3b879032743 미세먼지
2019/01/01 17:17:34 Server Started
2019/01/01 17:17:38 미세먼지 0091c443e9833d426acc3e5e17b951dc22e6981d3f958f953c6c5ef3b879032743 미세먼지
2019/01/01 17:18:48 미세먼지 0091c443e9833d426acc3e5e17b951dc22e6981d3f958f953c6c5ef3b879032743 미세먼지
2019/01/01 17:18:53 급식 0091c443e9833d426acc3e5e17b951dc22e6981d3f958f953c6c5ef3b879032743 급식
2019/01/01 17:18:57 급식 0091c443e9833d426acc3e5e17b951dc22e6981d3f958f953c6c5ef3b879032743 알요일
2019/01/01 17:19:23 급식 0091c443e9833d426acc3e5e17b951dc22e6981d3f958f953c6c5ef3b879032743 토요일
2019/01/01 17:19:27 급식 0091c443e9833d426acc3e5e17b951dc22e6981d3f958f953c6c5ef3b879032743 토요일
2019/01/01 17:36:37 급식 0091c443e9833d426acc3e5e17b951dc22e6981d3f958f953c6c5ef3b879032743 화요일
2019/01/01 17:36:40 급식 0091c443e9833d426acc3e5e17b951dc22e6981d3f958f953c6c5ef3b879032743 금요일
2019/01/01 17:36:42 급식 0091c443e9833d426acc3e5e17b951dc22e6981d3f958f953c6c5ef3b879032743 목요일
2019/01/01 17:54:07 급식 0091c443e9833d426acc3e5e17b951dc22e6981d3f958f953c6c5ef3b879032743 수요일
2019/01/01 17:54:10 급식 0091c443e9833d426acc3e5e17b951dc22e6981d3f958f953c6c5ef3b879032743 목요일
2019/01/01 17:54:14 급식 0091c443e9833d426acc3e5e17b951dc22e6981d3f958f953c6c5ef3b879032743 월요일
2019/01/01 17:54:21 미세먼지 0091c443e9833d426acc3e5e17b951dc22e6981d3f958f953c6c5ef3b879032743 미세먼지
2019/01/01 21:01:40 급식 0091c443e9833d426acc3e5e17b951dc22e6981d3f958f953c6c5ef3b879032743 급식
2019/01/01 21:01:40 급식 0091c443e9833d426acc3e5e17b951dc22e6981d3f958f953c6c5ef3b879032743 급식
2019/01/01 21:01:45 급식 0091c443e9833d426acc3e5e17b951dc22e6981d3f958f953c6c5ef3b879032743 금요일
2019/01/01 21:02:45 급식 0091c443e9833d426acc3e5e17b951dc22e6981d3f958f953c6c5ef3b879032743 금요일
2019/01/01 21:02:47 급식 0091c443e9833d426acc3e5e17b951dc22e6981d3f958f953c6c5ef3b879032743 금요일
2019/01/01 21:02:48 급식 0091c443e9833d426acc3e5e17b951dc22e6981d3f958f953c6c5ef3b879032743 금요일
2019/01/01 21:02:48 급식 0091c443e9833d426acc3e5e17b951dc22e6981d3f958f953c6c5ef3b879032743 금요일
2019/01/01 21:02:49 급식 0091c443e9833d426acc3e5e17b951dc22e6981d3f958f953c6c5ef3b879032743 금요일
2019/01/01 21:18:23 Server Started
